<?xml version="1.0" encoding="UTF-8"?>
<testsuite name="com.readerscorner.test.BookSpec" tests="7" skipped="0" failures="0" errors="0" timestamp="2018-12-16T03:22:36" hostname="yamakada.localdomain" time="0.081">
  <properties/>
  <testcase name="book constractor" classname="com.readerscorner.test.BookSpec" time="0.069"/>
  <testcase name="book getBookId" classname="com.readerscorner.test.BookSpec" time="0.001"/>
  <testcase name="book setBookId" classname="com.readerscorner.test.BookSpec" time="0.003"/>
  <testcase name="book getTitle" classname="com.readerscorner.test.BookSpec" time="0.001"/>
  <testcase name="book setTitle" classname="com.readerscorner.test.BookSpec" time="0.003"/>
  <testcase name="book getAuthor" classname="com.readerscorner.test.BookSpec" time="0.001"/>
  <testcase name="book setAuthor" classname="com.readerscorner.test.BookSpec" time="0.003"/>
  <system-out><![CDATA[]]></system-out>
  <system-err><![CDATA[]]></system-err>
</testsuite>
