<?xml version="1.0" encoding="UTF-8"?>
<testsuite name="com.sample.PublisherSpec" tests="1" skipped="0" failures="0" errors="0" timestamp="2018-12-16T03:22:37" hostname="yamakada.localdomain" time="0.026">
  <properties/>
  <testcase name="should send messages to all subscribers" classname="com.sample.PublisherSpec" time="0.026"/>
  <system-out><![CDATA[]]></system-out>
  <system-err><![CDATA[]]></system-err>
</testsuite>
